<?xml version="1.0" encoding="UTF-8"?>
<testng-results skipped="0" failed="0" ignored="0" total="1" passed="1">
  <reporter-output>
  </reporter-output>
  <suite name="Default suite" duration-ms="12283" started-at="2019-07-27T08:35:03Z" finished-at="2019-07-27T08:35:15Z">
    <groups>
    </groups>
    <test name="Default test" duration-ms="12283" started-at="2019-07-27T08:35:03Z" finished-at="2019-07-27T08:35:15Z">
      <class name="ReadDataFormatHTMLTable.ReadDataHtml">
        <test-method status="PASS" signature="ReadDataFormathtml()[pri:0, instance:ReadDataFormatHTMLTable.ReadDataHtml@548a9f61]" name="ReadDataFormathtml" duration-ms="12236" started-at="2019-07-27T08:35:03Z" finished-at="2019-07-27T08:35:15Z">
          <reporter-output>
          </reporter-output>
        </test-method> <!-- ReadDataFormathtml -->
      </class> <!-- ReadDataFormatHTMLTable.ReadDataHtml -->
    </test> <!-- Default test -->
  </suite> <!-- Default suite -->
</testng-results>
